c:\users\albert\documents\visual studio 2017\projects\dstrintergrated\dstrintergrated\debug\vc141.pdb
c:\users\albert\documents\visual studio 2017\projects\dstrintergrated\dstrintergrated\debug\transactionrecord.obj
c:\users\albert\documents\visual studio 2017\projects\dstrintergrated\dstrintergrated\debug\searchcustomer.obj
c:\users\albert\documents\visual studio 2017\projects\dstrintergrated\dstrintergrated\debug\recordtransaction.obj
c:\users\albert\documents\visual studio 2017\projects\dstrintergrated\dstrintergrated\debug\myform.obj
c:\users\albert\documents\visual studio 2017\projects\dstrintergrated\dstrintergrated\debug\modifyinfo.obj
c:\users\albert\documents\visual studio 2017\projects\dstrintergrated\dstrintergrated\debug\linkedstack.obj
c:\users\albert\documents\visual studio 2017\projects\dstrintergrated\dstrintergrated\debug\linkedqueuetype.obj
c:\users\albert\documents\visual studio 2017\projects\dstrintergrated\dstrintergrated\debug\displayall.obj
c:\users\albert\documents\visual studio 2017\projects\dstrintergrated\dstrintergrated\debug\customerinfo.obj
c:\users\albert\documents\visual studio 2017\projects\dstrintergrated\dstrintergrated\debug\confirmationpopstack.obj
c:\users\albert\documents\visual studio 2017\projects\dstrintergrated\dstrintergrated\debug\confirmationdequeue.obj
c:\users\albert\documents\visual studio 2017\projects\dstrintergrated\dstrintergrated\debug\adminmenu.obj
c:\users\albert\documents\visual studio 2017\projects\dstrintergrated\dstrintergrated\debug\addcustomer.obj
c:\users\albert\documents\visual studio 2017\projects\dstrintergrated\dstrintergrated\debug\sqlite3.obj
c:\users\albert\documents\visual studio 2017\projects\dstrintergrated\dstrintergrated\debug\transactionmenu.obj
c:\users\albert\documents\visual studio 2017\projects\dstrintergrated\dstrintergrated\debug\typemenu.obj
c:\users\albert\documents\visual studio 2017\projects\dstrintergrated\dstrintergrated\debug\.netframework,version=v4.6.1.assemblyattributes.obj
c:\users\albert\documents\visual studio 2017\projects\dstrintergrated\dstrintergrated\debug\.netframework,version=v4.6.1.assemblyattributes.asm
c:\users\albert\documents\visual studio 2017\projects\dstrintergrated\dstrintergrated\debug\removetransaction.obj
c:\users\albert\documents\visual studio 2017\projects\dstrintergrated\dstrintergrated\debug\dstrintergrated.addcustomer.resources
c:\users\albert\documents\visual studio 2017\projects\dstrintergrated\dstrintergrated\debug\dstrintergrated.adminmenu.resources
c:\users\albert\documents\visual studio 2017\projects\dstrintergrated\dstrintergrated\debug\dstrintergrated.confirmationdequeue.resources
c:\users\albert\documents\visual studio 2017\projects\dstrintergrated\dstrintergrated\debug\dstrintergrated.confirmationpopstack.resources
c:\users\albert\documents\visual studio 2017\projects\dstrintergrated\dstrintergrated\debug\dstrintergrated.displayall.resources
c:\users\albert\documents\visual studio 2017\projects\dstrintergrated\dstrintergrated\debug\dstrintergrated.modifyinfo.resources
c:\users\albert\documents\visual studio 2017\projects\dstrintergrated\dstrintergrated\debug\dstrintergrated.myform.resources
c:\users\albert\documents\visual studio 2017\projects\dstrintergrated\dstrintergrated\debug\dstrintergrated.recordtransaction.resources
c:\users\albert\documents\visual studio 2017\projects\dstrintergrated\dstrintergrated\debug\dstrintergrated.searchcustomer.resources
c:\users\albert\documents\visual studio 2017\projects\dstrintergrated\dstrintergrated\debug\dstrintergrated.transactionmenu.resources
c:\users\albert\documents\visual studio 2017\projects\dstrintergrated\dstrintergrated\debug\dstrintergrated.typemenu.resources
c:\users\albert\documents\visual studio 2017\projects\dstrintergrated\dstrintergrated\debug\dstrintergrated.removetransaction.resources
c:\users\albert\documents\visual studio 2017\projects\dstrintergrated\debug\dstrintergrated.exe
c:\users\albert\documents\visual studio 2017\projects\dstrintergrated\debug\dstrintergrated.pdb
c:\users\albert\documents\visual studio 2017\projects\dstrintergrated\dstrintergrated\debug\dstrintergrated.vcxproj.generateresource.cache
c:\users\albert\documents\visual studio 2017\projects\dstrintergrated\dstrintergrated\debug\dstrintergrated.vcxprojresolveassemblyreference.cache
c:\users\albert\documents\visual studio 2017\projects\dstrintergrated\dstrintergrated\debug\dstrintergrated.tlog\cl.command.1.tlog
c:\users\albert\documents\visual studio 2017\projects\dstrintergrated\dstrintergrated\debug\dstrintergrated.tlog\cl.read.1.tlog
c:\users\albert\documents\visual studio 2017\projects\dstrintergrated\dstrintergrated\debug\dstrintergrated.tlog\cl.write.1.tlog
c:\users\albert\documents\visual studio 2017\projects\dstrintergrated\dstrintergrated\debug\dstrintergrated.tlog\dstrintergrated.write.1u.tlog
c:\users\albert\documents\visual studio 2017\projects\dstrintergrated\dstrintergrated\debug\dstrintergrated.tlog\link.command.1.tlog
c:\users\albert\documents\visual studio 2017\projects\dstrintergrated\dstrintergrated\debug\dstrintergrated.tlog\link.read.1.tlog
c:\users\albert\documents\visual studio 2017\projects\dstrintergrated\dstrintergrated\debug\dstrintergrated.tlog\link.write.1.tlog
c:\users\albert\documents\visual studio 2017\projects\dstrintergrated\dstrintergrated\debug\dstrintergrated.tlog\metagen.read.1.tlog
c:\users\albert\documents\visual studio 2017\projects\dstrintergrated\dstrintergrated\debug\dstrintergrated.tlog\metagen.write.1.tlog
c:\users\albert\documents\visual studio 2017\projects\dstrintergrated\dstrintergrated\debug\dstrintergrated.tlog\tzres.dll.bi
